0 info it worked if it ends with ok
1 verbose cli [ 'node', '/usr/local/bin/npm', 'publish' ]
2 info using npm@1.4.23
3 info using node@v0.10.31
4 verbose publish [ '.' ]
5 verbose cache add [ '.', null ]
6 verbose cache add name=undefined spec="." args=[".",null]
7 verbose parsed url { protocol: null,
7 verbose parsed url   slashes: null,
7 verbose parsed url   auth: null,
7 verbose parsed url   host: null,
7 verbose parsed url   port: null,
7 verbose parsed url   hostname: null,
7 verbose parsed url   hash: null,
7 verbose parsed url   search: null,
7 verbose parsed url   query: null,
7 verbose parsed url   pathname: '.',
7 verbose parsed url   path: '.',
7 verbose parsed url   href: '.' }
8 silly lockFile 3a52ce78- .
9 verbose lock . /Users/tf/.npm/3a52ce78-.lock
10 verbose tar pack [ '/Users/tf/.npm/tote/0.0.1/package.tgz', '.' ]
11 verbose tarball /Users/tf/.npm/tote/0.0.1/package.tgz
12 verbose folder .
13 info prepublish tote@0.0.1
14 silly lockFile 1f1177db-tar tar://.
15 verbose lock tar://. /Users/tf/.npm/1f1177db-tar.lock
16 silly lockFile cc40eba5-rs-tf-npm-tote-0-0-1-package-tgz tar:///Users/tf/.npm/tote/0.0.1/package.tgz
17 verbose lock tar:///Users/tf/.npm/tote/0.0.1/package.tgz /Users/tf/.npm/cc40eba5-rs-tf-npm-tote-0-0-1-package-tgz.lock
18 silly lockFile 1f1177db-tar tar://.
19 silly lockFile 1f1177db-tar tar://.
20 silly lockFile cc40eba5-rs-tf-npm-tote-0-0-1-package-tgz tar:///Users/tf/.npm/tote/0.0.1/package.tgz
21 silly lockFile cc40eba5-rs-tf-npm-tote-0-0-1-package-tgz tar:///Users/tf/.npm/tote/0.0.1/package.tgz
22 silly lockFile cbbfcfb1-Users-tf-npm-tote-0-0-1-package /Users/tf/.npm/tote/0.0.1/package
23 verbose lock /Users/tf/.npm/tote/0.0.1/package /Users/tf/.npm/cbbfcfb1-Users-tf-npm-tote-0-0-1-package.lock
24 silly lockFile cbbfcfb1-Users-tf-npm-tote-0-0-1-package /Users/tf/.npm/tote/0.0.1/package
25 silly lockFile cbbfcfb1-Users-tf-npm-tote-0-0-1-package /Users/tf/.npm/tote/0.0.1/package
26 silly lockFile 3a52ce78- .
27 silly lockFile 3a52ce78- .
28 silly publish { name: 'tote',
28 silly publish   version: '0.0.1',
28 silly publish   description: 'A signals library for reactive programming',
28 silly publish   homepage: 'http://github.com/twfarland/tote',
28 silly publish   main: 'src/main.js',
28 silly publish   repository: { type: 'git', url: 'https://github.com/twfarland/tote' },
28 silly publish   author: { name: 'Tim Farland', email: 'twfarland@gmail.com' },
28 silly publish   devDependencies:
28 silly publish    { 'babel-core': '^6.4.5',
28 silly publish      'babel-loader': '^6.2.1',
28 silly publish      'babel-preset-es2015': '^6.3.13',
28 silly publish      webpack: '^1.12.11' },
28 silly publish   dependencies: { 'babel-preset-es2015': '^6.3.13', promise: '^7.1.1' },
28 silly publish   scripts: { test: 'webpack -d; node ./test/es5.js' },
28 silly publish   readme: '# tote\nA signals library for functional reactive programming.\nAuthor: [Tim Farland](mailto:twfarland@gmail.com)\n\nInspired by [Elm](http://elm-lang.org) and [Bacon.js](https://baconjs.github.io).\nWritten without the use of `this`, `new`, or `prototype` - only simple objects and functions.\nMiniscule size - ~1kb minified/gzipped.\nFor use as an ES6 module.\n\n## Install\n\n\tnpm install --save tote\n\n## Test\n\nRequires global webpack installation.\n\n\tnpm test\n\n## Api\n\n### Signal type\n\n\tSignal A :: {\n\t\tlisteners: [(A -> _)],\n\t\tactive: boolean,\n\t\tvalue: A || null,\n\t\terror: error || null\n\t}\n\n### Creating signals\n\nCapture events on a dom node.\n\n```javascript\n// DomNode -> String -> Signal DomEvent\nconst clicks = fromDomEvent(document.body, "click", evt => console.log(evt.target))\n```\n\nA signal that will emit one value, then terminate.\n\n```javascript\n// (A -> _) -> Signal A\nconst later = fromCallback(callback => setTimeout(() => callback("Finished"), 1000))\n```\n\nA signal that will emit one value or an error from a Promise, then terminate.\n\n```javascript\n// Promise A -> Signal A\nconst wait = fromPromise(new Promise(resolve => setTimeout(() => resolve("Finished"), 1000)))\n```\nA signal that emits an integer count of millisecond intervals since it was started.\n\n```javascript\n// Int -> Signal Int\nconst seconds = fromInterval(1000)\n```\nLow-level signal creation.\n\n```javascript\n// Signal A\nconst rawSignal = create()\n```\n### Interacting with signals\n\nSubscribe to values emitted by the signal.\n\n```javascript\n// Signal A -> (A -> _) -> Signal A\nlisten(clicks, e => console.log(e))\n```\nSend a value to a signal.\n\n```javascript\n// Signal A -> A -> Signal A\nsend(rawSignal, "value")\n```\nStop a signal - no more values will be emitted.\n\n```javascript\n// Signal A -> Signal A\nstop(rawSignal)\n```\n### Transforming signals\n\nMap values of a signal\n\n```javascript\n// (... _ -> B) -> ... Signal _ -> Signal B\nconst values = map(evt => evt.target.value, fromDomEvent(input, "keydown"))\n```\n\nMap (zip) the latest value of multiple signals\n\n```javascript\n// (... _ -> B) -> ... Signal _ -> Signal B\nconst areas = map((x, y) => x * y, widthSignal, heightSignal)\n```\nFilter a signal, will only emit event that pass the test\n\n```javascript\n// (A -> Bool) -> Signal A -> Signal A \nconst evens = filter(n => n % 2 === 0, numberSignal)\n```\nOnly emit if the current value is different to the previous (as compared by `===`). Not a full deduplication.\n\n```javascript\n// Signal A -> Signal A\ndropRepeats(numbers)\n```\nFold a signal over an initial seed value.\n\n```javascript\n// (A -> B -> B) -> B -> Signal A -> Signal B\nconst sum = fold((a, b) => a + b, 0, numbersStream)\n```\nMerge many signals into one that emits values from all.\n\n```javascript\n// ... Signal _ -> Signal _\nconst events = merge(clicks, keypresses)\n```\nTake the last value of a stream when another stream emits.\n\n```javascript\n// Signal A -> Signal B -> Signal A\nconst mousePositionsBySeconds = sampleOn(mousePosition, fromInterval(1000))\n```\nEmit an array of the last n values of a signal.\n\n```javascript\n// Int -> Signal A -> Signal [A]\nconst trail = slidingWindow(5, mousePosition)\n```\nMap values of a signal to a new signal, then flatten the results of all emitted into one signal.\n\n```javascript\n// (A -> Signal B) -> Signal A -> Signal B\nconst responses = flatMap(evt => fromPromise(ajaxGet("/" + evt.target.value)), keyPresses)\n```\nThe same as above, but only emits values from the latest child signal.\n\n```javascript\n// (A -> Signal B) -> Signal A -> Signal B\nflatMapLatest(v => fromPromise(promiseCreator(v)), valueSignal)\n```\n\n',
28 silly publish   readmeFilename: 'README.md',
28 silly publish   gitHead: '294122c9c1c55bee63f67773020e75c4def6f560',
28 silly publish   bugs: { url: 'https://github.com/twfarland/tote/issues' },
28 silly publish   _id: 'tote@0.0.1',
28 silly publish   _shasum: '266ef1fda658c3b60eafbdc55640a079550fee98',
28 silly publish   _from: '.' }
29 verbose request where is /tote
30 verbose request registry https://registry.npmjs.org/
31 verbose request id 31ce7084d20db5d7
32 verbose url raw /tote
33 verbose url resolving [ 'https://registry.npmjs.org/', './tote' ]
34 verbose url resolved https://registry.npmjs.org/tote
35 verbose request where is https://registry.npmjs.org/tote
36 info trying registry request attempt 1 at 21:20:41
37 http PUT https://registry.npmjs.org/tote
38 http 403 https://registry.npmjs.org/tote
39 verbose headers { 'content-type': 'application/json',
39 verbose headers   'cache-control': 'max-age=300',
39 verbose headers   'content-length': '96',
39 verbose headers   'accept-ranges': 'bytes',
39 verbose headers   date: 'Sat, 30 Jan 2016 08:20:42 GMT',
39 verbose headers   via: '1.1 varnish',
39 verbose headers   connection: 'keep-alive',
39 verbose headers   'x-served-by': 'cache-akl6421-AKL',
39 verbose headers   'x-cache': 'MISS',
39 verbose headers   'x-cache-hits': '0',
39 verbose headers   'x-timer': 'S1454142041.945742,VS0,VE1012' }
40 error publish Failed PUT 403
41 error Error: You do not have permission to publish 'tote'. Are you logged in as the correct user? : tote
41 error     at RegClient.<anonymous> (/usr/local/lib/node_modules/npm/node_modules/npm-registry-client/lib/request.js:300:14)
41 error     at Request._callback (/usr/local/lib/node_modules/npm/node_modules/npm-registry-client/lib/request.js:238:65)
41 error     at Request.self.callback (/usr/local/lib/node_modules/npm/node_modules/request/request.js:123:22)
41 error     at Request.emit (events.js:98:17)
41 error     at Request.<anonymous> (/usr/local/lib/node_modules/npm/node_modules/request/request.js:893:14)
41 error     at Request.emit (events.js:117:20)
41 error     at IncomingMessage.<anonymous> (/usr/local/lib/node_modules/npm/node_modules/request/request.js:844:12)
41 error     at IncomingMessage.emit (events.js:117:20)
41 error     at _stream_readable.js:943:16
41 error     at process._tickCallback (node.js:419:13)
42 error If you need help, you may report this *entire* log,
42 error including the npm and node versions, at:
42 error     <http://github.com/npm/npm/issues>
43 error System Darwin 13.4.0
44 error command "node" "/usr/local/bin/npm" "publish"
45 error cwd /Users/tf/dev/witness
46 error node -v v0.10.31
47 error npm -v 1.4.23
48 verbose exit [ 1, true ]
